<?xml version="1.0" encoding="UTF-8"?>
<testsuite xmlns:xsi="http://www.w3.org/2001/XMLSchema-instance" xsi:noNamespaceSchemaLocation="https://maven.apache.org/surefire/maven-surefire-plugin/xsd/surefire-test-report-3.0.xsd" version="3.0" name="com.MainAppApplicationTests" time="4.151" tests="1" errors="0" skipped="0" failures="0">
  <properties>
[...]
</properties>
  <testcase name="contextLoads" classname="com.MainAppApplicationTests" time="0.649">
    <system-out><![CDATA[19:34:19.082 [main] INFO org.springframework.test.context.support.AnnotationConfigContextLoaderUtils -- Could not detect default configuration classes for test class [com.MainAppApplicationTests]: MainAppApplicationTests does not declare any static, non-private, non-final, nested classes annotated with @Configuration.
19:34:19.187 [main] INFO org.springframework.boot.test.context.SpringBootTestContextBootstrapper -- Found @SpringBootConfiguration com.MainApp for test class com.MainAppApplicationTests
19:34:19.359 [main] INFO org.springframework.boot.devtools.restart.RestartApplicationListener -- Restart disabled due to context in which it is running

  .   ____          _            __ _ _
 /\\ / ___'_ __ _ _(_)_ __  __ _ \ \ \ \
( ( )\___ | '_ | '_| | '_ \/ _` | \ \ \ \
 \\/  ___)| |_)| | | | | || (_| |  ) ) ) )
  '  |____| .__|_| |_|_| |_\__, | / / / /
 =========|_|==============|___/=/_/_/_/
 :: Spring Boot ::                (v3.2.0)

2023-12-24T19:34:19.558+03:00  INFO 21392 --- [           main] com.MainAppApplicationTests              : Starting MainAppApplicationTests using Java 19.0.1 with PID 21392 (started by mberk in C:\Users\mberk\Codes\Hackatons_CaseStudies\AmadeusFlightSearchAPI)
2023-12-24T19:34:19.558+03:00  INFO 21392 --- [           main] com.MainAppApplicationTests              : No active profile set, falling back to 1 default profile: "default"
2023-12-24T19:34:20.526+03:00  INFO 21392 --- [           main] .s.d.r.c.RepositoryConfigurationDelegate : Bootstrapping Spring Data MongoDB repositories in DEFAULT mode.
2023-12-24T19:34:20.696+03:00  INFO 21392 --- [           main] .s.d.r.c.RepositoryConfigurationDelegate : Finished Spring Data repository scanning in 166 ms. Found 2 MongoDB repository interfaces.
2023-12-24T19:34:21.184+03:00  INFO 21392 --- [           main] org.mongodb.driver.client                : MongoClient with metadata {"driver": {"name": "mongo-java-driver|sync|spring-boot", "version": "4.11.1"}, "os": {"type": "Windows", "name": "Windows 10", "architecture": "amd64", "version": "10.0"}, "platform": "Java/Oracle Corporation/19.0.1+10-21"} created with settings MongoClientSettings{readPreference=primary, writeConcern=WriteConcern{w=null, wTimeout=null ms, journal=null}, retryWrites=true, retryReads=true, readConcern=ReadConcern{level=null}, credential=null, transportSettings=null, streamFactoryFactory=null, commandListeners=[], codecRegistry=ProvidersCodecRegistry{codecProviders=[ValueCodecProvider{}, BsonValueCodecProvider{}, DBRefCodecProvider{}, DBObjectCodecProvider{}, DocumentCodecProvider{}, CollectionCodecProvider{}, IterableCodecProvider{}, MapCodecProvider{}, GeoJsonCodecProvider{}, GridFSFileCodecProvider{}, Jsr310CodecProvider{}, JsonObjectCodecProvider{}, BsonCodecProvider{}, EnumCodecProvider{}, com.mongodb.client.model.mql.ExpressionCodecProvider@69f3e556, com.mongodb.Jep395RecordCodecProvider@1eb9d69a, com.mongodb.KotlinCodecProvider@36511772]}, loggerSettings=LoggerSettings{maxDocumentLength=1000}, clusterSettings={hosts=[localhost:27017], srvServiceName=mongodb, mode=SINGLE, requiredClusterType=UNKNOWN, requiredReplicaSetName='null', serverSelector='null', clusterListeners='[]', serverSelectionTimeout='30000 ms', localThreshold='15 ms'}, socketSettings=SocketSettings{connectTimeoutMS=10000, readTimeoutMS=0, receiveBufferSize=0, proxySettings=ProxySettings{host=null, port=null, username=null, password=null}}, heartbeatSocketSettings=SocketSettings{connectTimeoutMS=10000, readTimeoutMS=10000, receiveBufferSize=0, proxySettings=ProxySettings{host=null, port=null, username=null, password=null}}, connectionPoolSettings=ConnectionPoolSettings{maxSize=100, minSize=0, maxWaitTimeMS=120000, maxConnectionLifeTimeMS=0, maxConnectionIdleTimeMS=0, maintenanceInitialDelayMS=0, maintenanceFrequencyMS=60000, connectionPoolListeners=[], maxConnecting=2}, serverSettings=ServerSettings{heartbeatFrequencyMS=10000, minHeartbeatFrequencyMS=500, serverListeners='[]', serverMonitorListeners='[]'}, sslSettings=SslSettings{enabled=false, invalidHostNameAllowed=false, context=null}, applicationName='null', compressorList=[], uuidRepresentation=JAVA_LEGACY, serverApi=null, autoEncryptionSettings=null, dnsClient=null, inetAddressResolver=null, contextProvider=null}
2023-12-24T19:34:21.188+03:00  INFO 21392 --- [localhost:27017] org.mongodb.driver.cluster               : Exception in monitor thread while connecting to server localhost:27017

com.mongodb.MongoSocketOpenException: Exception opening socket
	at com.mongodb.internal.connection.SocketStream.lambda$open$0(SocketStream.java:84) ~[mongodb-driver-core-4.11.1.jar:na]
	at java.base/java.util.Optional.orElseThrow(Optional.java:403) ~[na:na]
	at com.mongodb.internal.connection.SocketStream.open(SocketStream.java:84) ~[mongodb-driver-core-4.11.1.jar:na]
	at com.mongodb.internal.connection.InternalStreamConnection.open(InternalStreamConnection.java:211) ~[mongodb-driver-core-4.11.1.jar:na]
	at com.mongodb.internal.connection.DefaultServerMonitor$ServerMonitorRunnable.lookupServerDescription(DefaultServerMonitor.java:196) ~[mongodb-driver-core-4.11.1.jar:na]
	at com.mongodb.internal.connection.DefaultServerMonitor$ServerMonitorRunnable.run(DefaultServerMonitor.java:156) ~[mongodb-driver-core-4.11.1.jar:na]
	at java.base/java.lang.Thread.run(Thread.java:1589) ~[na:na]
Caused by: java.net.ConnectException: Connection refused: no further information
	at java.base/sun.nio.ch.Net.pollConnect(Native Method) ~[na:na]
	at java.base/sun.nio.ch.Net.pollConnectNow(Net.java:672) ~[na:na]
	at java.base/sun.nio.ch.NioSocketImpl.timedFinishConnect(NioSocketImpl.java:535) ~[na:na]
	at java.base/sun.nio.ch.NioSocketImpl.connect(NioSocketImpl.java:585) ~[na:na]
	at java.base/java.net.SocksSocketImpl.connect(SocksSocketImpl.java:327) ~[na:na]
	at java.base/java.net.Socket.connect(Socket.java:666) ~[na:na]
	at com.mongodb.internal.connection.SocketStreamHelper.initialize(SocketStreamHelper.java:76) ~[mongodb-driver-core-4.11.1.jar:na]
	at com.mongodb.internal.connection.SocketStream.initializeSocket(SocketStream.java:104) ~[mongodb-driver-core-4.11.1.jar:na]
	at com.mongodb.internal.connection.SocketStream.open(SocketStream.java:78) ~[mongodb-driver-core-4.11.1.jar:na]
	... 4 common frames omitted

2023-12-24T19:34:21.640+03:00  WARN 21392 --- [           main] o.s.security.core.userdetails.User       : User.withDefaultPasswordEncoder() is considered unsafe for production and is only intended for sample applications.
2023-12-24T19:34:22.103+03:00  INFO 21392 --- [           main] o.s.s.web.DefaultSecurityFilterChain     : Will secure Or [Mvc [pattern='/admin/**']] with [org.springframework.security.web.session.DisableEncodeUrlFilter@169d1f92, org.springframework.security.web.context.request.async.WebAsyncManagerIntegrationFilter@7fcbc336, org.springframework.security.web.context.SecurityContextHolderFilter@4cf15477, org.springframework.security.web.header.HeaderWriterFilter@7c79f2cf, org.springframework.web.filter.CorsFilter@1fe7fa16, org.springframework.security.web.csrf.CsrfFilter@3cab07dd, org.springframework.security.web.authentication.logout.LogoutFilter@345540f9, org.springframework.security.web.authentication.www.BasicAuthenticationFilter@5737d116, org.springframework.security.web.savedrequest.RequestCacheAwareFilter@3450bd13, org.springframework.security.web.servletapi.SecurityContextHolderAwareRequestFilter@1bb51492, org.springframework.security.web.authentication.AnonymousAuthenticationFilter@61503d00, org.springframework.security.web.access.ExceptionTranslationFilter@221cdd87, org.springframework.security.web.access.intercept.AuthorizationFilter@1774c4e2]
2023-12-24T19:34:22.112+03:00  INFO 21392 --- [           main] o.s.s.web.DefaultSecurityFilterChain     : Will secure any request with [org.springframework.security.web.session.DisableEncodeUrlFilter@58d79479, org.springframework.security.web.context.request.async.WebAsyncManagerIntegrationFilter@102c24d1, org.springframework.security.web.context.SecurityContextHolderFilter@2ae88712, org.springframework.security.web.header.HeaderWriterFilter@24520a51, org.springframework.web.filter.CorsFilter@495f7ca4, org.springframework.security.web.csrf.CsrfFilter@52dd1be2, org.springframework.security.web.authentication.logout.LogoutFilter@43b2e7db, org.springframework.security.web.authentication.UsernamePasswordAuthenticationFilter@5e72c82a, org.springframework.security.web.authentication.ui.DefaultLoginPageGeneratingFilter@39159b14, org.springframework.security.web.authentication.ui.DefaultLogoutPageGeneratingFilter@700202fa, org.springframework.security.web.savedrequest.RequestCacheAwareFilter@10508ba6, org.springframework.security.web.servletapi.SecurityContextHolderAwareRequestFilter@da11873, org.springframework.security.web.authentication.AnonymousAuthenticationFilter@141234df, org.springframework.security.web.access.ExceptionTranslationFilter@36857d32, org.springframework.security.web.access.intercept.AuthorizationFilter@530df3ab]
2023-12-24T19:34:22.422+03:00  INFO 21392 --- [           main] com.MainAppApplicationTests              : Started MainAppApplicationTests in 3.074 seconds (process running for 3.94)
]]></system-out>
  </testcase>
</testsuite>